<?xml version="1.0" encoding="UTF-8"?>
<!-- Generated by org.testng.reporters.JUnitReportReporter -->
<testsuite skipped="0" hostname="Aniruddhas-MBP" name="com.test.CrossBrowserTesting" tests="2" failures="0" timestamp="2020-12-20T04:22:08 IST" time="11.609" errors="0">
  <testcase name="verifyGooglePageTitle" time="6.428" classname="com.test.CrossBrowserTesting"/>
  <system-out>
We have used chromedriver version 87  </system-out>
  <testcase name="verifyGooglePageTitle" time="5.181" classname="com.test.CrossBrowserTesting"/>
  <system-out>
We have used chromedriver version 87  </system-out>
</testsuite> <!-- com.test.CrossBrowserTesting -->
