<?xml version="1.0" encoding="UTF-8"?>
<!-- Generated by org.testng.reporters.JUnitReportReporter -->
<testsuite skipped="0" hostname="Aniruddhas-MacBook-Pro.local" name="com.parameters.ParameterPractice" tests="1" failures="0" timestamp="2020-12-30T02:16:48 IST" time="4.415" errors="0">
  <testcase name="googleTitleTest" time="4.415" classname="com.parameters.ParameterPractice"/>
  <system-out/>
</testsuite> <!-- com.parameters.ParameterPractice -->
