<?xml version="1.0" encoding="UTF-8"?>
<!-- Generated by org.testng.reporters.JUnitReportReporter -->
<testsuite skipped="0" hostname="Aniruddhas-MacBook-Pro.local" name="com.test.InvocationCountTest" tests="5" failures="0" timestamp="2020-12-07T18:23:01 IST" time="0.002" errors="0">
  <testcase name="sum" time="0.001" classname="com.test.InvocationCountTest"/>
  <system-out/>
  <testcase name="sum" time="0.001" classname="com.test.InvocationCountTest"/>
  <system-out/>
  <testcase name="sum" time="0.000" classname="com.test.InvocationCountTest"/>
  <system-out/>
  <testcase name="sum" time="0.000" classname="com.test.InvocationCountTest"/>
  <system-out/>
  <testcase name="sum" time="0.000" classname="com.test.InvocationCountTest"/>
  <system-out/>
</testsuite> <!-- com.test.InvocationCountTest -->
