<?xml version="1.0" encoding="UTF-8"?>
<!-- Generated by org.testng.reporters.JUnitReportReporter -->
<testsuite skipped="0" hostname="Aniruddhas-MacBook-Pro.local" name="com.parameters.PrameterPractice" tests="2" failures="0" timestamp="2020-12-30T01:56:21 IST" time="33.812" errors="0">
  <testcase name="logInPageTest" time="16.716" classname="com.parameters.PrameterPractice"/>
  <system-out/>
  <testcase name="logInPageTest" time="17.096" classname="com.parameters.PrameterPractice"/>
  <system-out/>
</testsuite> <!-- com.parameters.PrameterPractice -->
