<?xml version="1.0" encoding="UTF-8"?>
<!-- Generated by org.testng.reporters.JUnitReportReporter -->
<testsuite skipped="0" hostname="Aniruddhas-MBP" name="com.test.TestNGBasics" tests="1" failures="0" timestamp="2020-12-20T04:30:48 IST" time="0.016" errors="0">
  <testcase name="test" time="0.016" classname="com.test.TestNGBasics"/>
  <system-out/>
</testsuite> <!-- com.test.TestNGBasics -->
