<?xml version="1.0" encoding="UTF-8"?>
<!-- Generated by org.testng.reporters.JUnitReportReporter -->
<testsuite skipped="0" hostname="Aniruddhas-MacBook-Pro.local" name="com.datadriven.test.YahooLoginTest" tests="5" failures="0" timestamp="2020-12-30T21:22:48 IST" time="19.338" errors="0">
  <testcase name="yahooRegistrationTest" time="3.585" classname="com.datadriven.test.YahooLoginTest"/>
  <system-out/>
  <testcase name="yahooRegistrationTest" time="3.630" classname="com.datadriven.test.YahooLoginTest"/>
  <system-out/>
  <testcase name="yahooRegistrationTest" time="3.461" classname="com.datadriven.test.YahooLoginTest"/>
  <system-out/>
  <testcase name="yahooRegistrationTest" time="3.693" classname="com.datadriven.test.YahooLoginTest"/>
  <system-out/>
  <testcase name="yahooRegistrationTest" time="4.969" classname="com.datadriven.test.YahooLoginTest"/>
  <system-out/>
</testsuite> <!-- com.datadriven.test.YahooLoginTest -->
